[2017-11-09 04:59:56] main.ERROR: SQL Error: Unable to connect to MySQL server! Error: Access denied for user 'slimtodo'@'localhost' (using password: YES) [] []
[2017-11-09 04:59:56] main.ERROR: SQL Error: Unable to connect to MySQL server! Error: Access denied for user 'slimtodo'@'localhost' (using password: YES) [] []
[2017-11-09 05:00:00] main.ERROR: SQL Error: Unable to connect to MySQL server! Error: Access denied for user 'slimtodo'@'localhost' (using password: YES) [] []
[2017-11-09 05:00:00] main.ERROR: SQL Error: Unable to connect to MySQL server! Error: Access denied for user 'slimtodo'@'localhost' (using password: YES) [] []
[2017-11-09 05:00:00] main.ERROR: SQL Error: Unable to connect to MySQL server! Error: Access denied for user 'slimtodo'@'localhost' (using password: YES) [] []
[2017-11-09 05:00:01] main.ERROR: SQL Error: Unable to connect to MySQL server! Error: Access denied for user 'slimtodo'@'localhost' (using password: YES) [] []
[2017-11-09 05:00:01] main.ERROR: SQL Error: Unable to connect to MySQL server! Error: Access denied for user 'slimtodo'@'localhost' (using password: YES) [] []
[2017-11-09 05:00:01] main.ERROR: SQL Error: Unable to connect to MySQL server! Error: Access denied for user 'slimtodo'@'localhost' (using password: YES) [] []
[2017-11-09 05:00:01] main.ERROR: SQL Error: Unable to connect to MySQL server! Error: Access denied for user 'slimtodo'@'localhost' (using password: YES) [] []
[2017-11-09 05:00:01] main.ERROR: SQL Error: Unable to connect to MySQL server! Error: Access denied for user 'slimtodo'@'localhost' (using password: YES) [] []
[2017-11-09 05:00:01] main.ERROR: SQL Error: Unable to connect to MySQL server! Error: Access denied for user 'slimtodo'@'localhost' (using password: YES) [] []
[2017-11-09 05:00:01] main.ERROR: SQL Error: Unable to connect to MySQL server! Error: Access denied for user 'slimtodo'@'localhost' (using password: YES) [] []
[2017-11-09 05:00:02] main.ERROR: SQL Error: Unable to connect to MySQL server! Error: Access denied for user 'slimtodo'@'localhost' (using password: YES) [] []
[2017-11-09 05:00:02] main.ERROR: SQL Error: Unable to connect to MySQL server! Error: Access denied for user 'slimtodo'@'localhost' (using password: YES) [] []
[2017-11-09 05:00:02] main.ERROR: SQL Error: Unable to connect to MySQL server! Error: Access denied for user 'slimtodo'@'localhost' (using password: YES) [] []
[2017-11-09 05:00:02] main.ERROR: SQL Error: Unable to connect to MySQL server! Error: Access denied for user 'slimtodo'@'localhost' (using password: YES) [] []
[2017-11-09 05:00:02] main.ERROR: SQL Error: Unable to connect to MySQL server! Error: Access denied for user 'slimtodo'@'localhost' (using password: YES) [] []
[2017-11-09 05:00:02] main.ERROR: SQL Error: Unable to connect to MySQL server! Error: Access denied for user 'slimtodo'@'localhost' (using password: YES) [] []
[2017-11-09 05:00:02] main.ERROR: SQL Error: Unable to connect to MySQL server! Error: Access denied for user 'slimtodo'@'localhost' (using password: YES) [] []
[2017-11-09 05:00:03] main.ERROR: SQL Error: Unable to connect to MySQL server! Error: Access denied for user 'slimtodo'@'localhost' (using password: YES) [] []
[2017-11-09 05:00:04] main.ERROR: SQL Error: Unable to connect to MySQL server! Error: Access denied for user 'slimtodo'@'localhost' (using password: YES) [] []
[2017-11-09 05:00:04] main.ERROR: SQL Error: Unable to connect to MySQL server! Error: Access denied for user 'slimtodo'@'localhost' (using password: YES) [] []
[2017-11-09 05:00:04] main.ERROR: SQL Error: Unable to connect to MySQL server! Error: Access denied for user 'slimtodo'@'localhost' (using password: YES) [] []
[2017-11-09 05:00:04] main.ERROR: SQL Error: Unable to connect to MySQL server! Error: Access denied for user 'slimtodo'@'localhost' (using password: YES) [] []
[2017-11-09 05:00:05] main.ERROR: SQL Error: Unable to connect to MySQL server! Error: Access denied for user 'slimtodo'@'localhost' (using password: YES) [] []
[2017-11-09 05:00:06] main.ERROR: SQL Error: Unable to connect to MySQL server! Error: Access denied for user 'slimtodo'@'localhost' (using password: YES) [] []
[2017-11-09 05:00:06] main.ERROR: SQL Error: Unable to connect to MySQL server! Error: Access denied for user 'slimtodo'@'localhost' (using password: YES) [] []
[2017-11-09 05:00:06] main.ERROR: SQL Error: Unable to connect to MySQL server! Error: Access denied for user 'slimtodo'@'localhost' (using password: YES) [] []
[2017-11-09 05:00:06] main.ERROR: SQL Error: Unable to connect to MySQL server! Error: Access denied for user 'slimtodo'@'localhost' (using password: YES) [] []
[2017-11-09 05:00:06] main.ERROR: SQL Error: Unable to connect to MySQL server! Error: Access denied for user 'slimtodo'@'localhost' (using password: YES) [] []
[2017-11-09 05:00:06] main.ERROR: SQL Error: Unable to connect to MySQL server! Error: Access denied for user 'slimtodo'@'localhost' (using password: YES) [] []
[2017-11-09 05:00:06] main.ERROR: SQL Error: Unable to connect to MySQL server! Error: Access denied for user 'slimtodo'@'localhost' (using password: YES) [] []
[2017-11-09 05:00:06] main.ERROR: SQL Error: Unable to connect to MySQL server! Error: Access denied for user 'slimtodo'@'localhost' (using password: YES) [] []
[2017-11-09 05:00:07] main.ERROR: SQL Error: Unable to connect to MySQL server! Error: Access denied for user 'slimtodo'@'localhost' (using password: YES) [] []
[2017-11-09 05:00:07] main.ERROR: SQL Error: Unable to connect to MySQL server! Error: Access denied for user 'slimtodo'@'localhost' (using password: YES) [] []
[2017-11-09 05:00:08] main.ERROR: SQL Error: Unable to connect to MySQL server! Error: Access denied for user 'slimtodo'@'localhost' (using password: YES) [] []
[2017-11-09 05:00:08] main.ERROR: SQL Error: Unable to connect to MySQL server! Error: Access denied for user 'slimtodo'@'localhost' (using password: YES) [] []
[2017-11-09 05:00:08] main.ERROR: SQL Error: Unable to connect to MySQL server! Error: Access denied for user 'slimtodo'@'localhost' (using password: YES) [] []
[2017-11-09 05:00:08] main.ERROR: SQL Error: Unable to connect to MySQL server! Error: Access denied for user 'slimtodo'@'localhost' (using password: YES) [] []
[2017-11-09 05:00:08] main.ERROR: SQL Error: Unable to connect to MySQL server! Error: Access denied for user 'slimtodo'@'localhost' (using password: YES) [] []
[2017-11-09 05:00:08] main.ERROR: SQL Error: Unable to connect to MySQL server! Error: Access denied for user 'slimtodo'@'localhost' (using password: YES) [] []
[2017-11-09 05:00:09] main.ERROR: SQL Error: Unable to connect to MySQL server! Error: Access denied for user 'slimtodo'@'localhost' (using password: YES) [] []
[2017-11-09 05:00:30] main.ERROR: SQL Error: Unable to connect to MySQL server! Error: Access denied for user 'slimtodo'@'localhost' (using password: YES) [] []
[2017-11-09 05:03:07] main.ERROR: SQL Error: Unable to connect to MySQL server! Error: Access denied for user 'slimtodo'@'localhost' (using password: YES) [] []
[2017-11-09 05:03:08] main.ERROR: SQL Error: Unable to connect to MySQL server! Error: Access denied for user 'slimtodo'@'localhost' (using password: YES) [] []
[2017-11-09 05:03:08] main.ERROR: SQL Error: Unable to connect to MySQL server! Error: Access denied for user 'slimtodo'@'localhost' (using password: YES) [] []
[2017-11-09 05:03:08] main.ERROR: SQL Error: Unable to connect to MySQL server! Error: Access denied for user 'slimtodo'@'localhost' (using password: YES) [] []
[2017-11-09 05:03:08] main.ERROR: SQL Error: Unable to connect to MySQL server! Error: Access denied for user 'slimtodo'@'localhost' (using password: YES) [] []
[2017-11-09 05:03:08] main.ERROR: SQL Error: Unable to connect to MySQL server! Error: Access denied for user 'slimtodo'@'localhost' (using password: YES) [] []
[2017-11-09 05:03:09] main.ERROR: SQL Error: Unable to connect to MySQL server! Error: Access denied for user 'slimtodo'@'localhost' (using password: YES) [] []
[2017-11-09 05:03:09] main.ERROR: SQL Error: Unable to connect to MySQL server! Error: Access denied for user 'slimtodo'@'localhost' (using password: YES) [] []
[2017-11-09 05:03:10] main.ERROR: SQL Error: Unable to connect to MySQL server! Error: Access denied for user 'slimtodo'@'localhost' (using password: YES) [] []
[2017-11-09 05:03:10] main.ERROR: SQL Error: Unable to connect to MySQL server! Error: Access denied for user 'slimtodo'@'localhost' (using password: YES) [] []
[2017-11-09 05:03:10] main.ERROR: SQL Error: Unable to connect to MySQL server! Error: Access denied for user 'slimtodo'@'localhost' (using password: YES) [] []
[2017-11-09 05:03:10] main.ERROR: SQL Error: Unable to connect to MySQL server! Error: Access denied for user 'slimtodo'@'localhost' (using password: YES) [] []
[2017-11-09 05:03:10] main.ERROR: SQL Error: Unable to connect to MySQL server! Error: Access denied for user 'slimtodo'@'localhost' (using password: YES) [] []
[2017-11-09 05:03:10] main.ERROR: SQL Error: Unable to connect to MySQL server! Error: Access denied for user 'slimtodo'@'localhost' (using password: YES) [] []
[2017-11-09 05:03:11] main.ERROR: SQL Error: Unable to connect to MySQL server! Error: Access denied for user 'slimtodo'@'localhost' (using password: YES) [] []
[2017-11-09 05:03:11] main.ERROR: SQL Error: Unable to connect to MySQL server! Error: Access denied for user 'slimtodo'@'localhost' (using password: YES) [] []
[2017-11-09 05:03:11] main.ERROR: SQL Error: Unable to connect to MySQL server! Error: Access denied for user 'slimtodo'@'localhost' (using password: YES) [] []
[2017-11-09 05:03:11] main.ERROR: SQL Error: Unable to connect to MySQL server! Error: Access denied for user 'slimtodo'@'localhost' (using password: YES) [] []
[2017-11-09 05:03:11] main.ERROR: SQL Error: Unable to connect to MySQL server! Error: Access denied for user 'slimtodo'@'localhost' (using password: YES) [] []
[2017-11-09 05:03:11] main.ERROR: SQL Error: Unable to connect to MySQL server! Error: Access denied for user 'slimtodo'@'localhost' (using password: YES) [] []
[2017-11-09 05:03:11] main.ERROR: SQL Error: Unable to connect to MySQL server! Error: Access denied for user 'slimtodo'@'localhost' (using password: YES) [] []
[2017-11-09 05:03:11] main.ERROR: SQL Error: Unable to connect to MySQL server! Error: Access denied for user 'slimtodo'@'localhost' (using password: YES) [] []
[2017-11-09 05:03:11] main.ERROR: SQL Error: Unable to connect to MySQL server! Error: Access denied for user 'slimtodo'@'localhost' (using password: YES) [] []
[2017-11-09 05:03:12] main.ERROR: SQL Error: Unable to connect to MySQL server! Error: Access denied for user 'slimtodo'@'localhost' (using password: YES) [] []
[2017-11-09 05:03:12] main.ERROR: SQL Error: Unable to connect to MySQL server! Error: Access denied for user 'slimtodo'@'localhost' (using password: YES) [] []
[2017-11-09 05:03:12] main.ERROR: SQL Error: Unable to connect to MySQL server! Error: Access denied for user 'slimtodo'@'localhost' (using password: YES) [] []
[2017-11-09 05:03:13] main.ERROR: SQL Error: Unable to connect to MySQL server! Error: Access denied for user 'slimtodo'@'localhost' (using password: YES) [] []
[2017-11-09 05:03:13] main.ERROR: SQL Error: Unable to connect to MySQL server! Error: Access denied for user 'slimtodo'@'localhost' (using password: YES) [] []
[2017-11-09 05:03:13] main.ERROR: SQL Error: Unable to connect to MySQL server! Error: Access denied for user 'slimtodo'@'localhost' (using password: YES) [] []
[2017-11-09 05:03:13] main.ERROR: SQL Error: Unable to connect to MySQL server! Error: Access denied for user 'slimtodo'@'localhost' (using password: YES) [] []
[2017-11-09 05:03:13] main.ERROR: SQL Error: Unable to connect to MySQL server! Error: Access denied for user 'slimtodo'@'localhost' (using password: YES) [] []
[2017-11-09 05:03:13] main.ERROR: SQL Error: Unable to connect to MySQL server! Error: Access denied for user 'slimtodo'@'localhost' (using password: YES) [] []
[2017-11-09 05:03:14] main.ERROR: SQL Error: Unable to connect to MySQL server! Error: Access denied for user 'slimtodo'@'localhost' (using password: YES) [] []
[2017-11-09 05:03:14] main.ERROR: SQL Error: Unable to connect to MySQL server! Error: Access denied for user 'slimtodo'@'localhost' (using password: YES) [] []
[2017-11-09 05:03:14] main.ERROR: SQL Error: Unable to connect to MySQL server! Error: Access denied for user 'slimtodo'@'localhost' (using password: YES) [] []
[2017-11-09 05:03:14] main.ERROR: SQL Error: Unable to connect to MySQL server! Error: Access denied for user 'slimtodo'@'localhost' (using password: YES) [] []
[2017-11-09 05:03:15] main.ERROR: SQL Error: Unable to connect to MySQL server! Error: Access denied for user 'slimtodo'@'localhost' (using password: YES) [] []
[2017-11-09 05:03:15] main.ERROR: SQL Error: Unable to connect to MySQL server! Error: Access denied for user 'slimtodo'@'localhost' (using password: YES) [] []
[2017-11-09 05:03:15] main.ERROR: SQL Error: Unable to connect to MySQL server! Error: Access denied for user 'slimtodo'@'localhost' (using password: YES) [] []
[2017-11-09 05:03:15] main.ERROR: SQL Error: Unable to connect to MySQL server! Error: Access denied for user 'slimtodo'@'localhost' (using password: YES) [] []
[2017-11-09 05:03:15] main.ERROR: SQL Error: Unable to connect to MySQL server! Error: Access denied for user 'slimtodo'@'localhost' (using password: YES) [] []
[2017-11-09 05:03:16] main.ERROR: SQL Error: Unable to connect to MySQL server! Error: Access denied for user 'slimtodo'@'localhost' (using password: YES) [] []
[2017-11-09 05:03:16] main.ERROR: SQL Error: Unable to connect to MySQL server! Error: Access denied for user 'slimtodo'@'localhost' (using password: YES) [] []
[2017-11-09 05:03:16] main.ERROR: SQL Error: Unable to connect to MySQL server! Error: Access denied for user 'slimtodo'@'localhost' (using password: YES) [] []
[2017-11-09 05:03:17] main.ERROR: SQL Error: Unable to connect to MySQL server! Error: Access denied for user 'slimtodo'@'localhost' (using password: YES) [] []
[2017-11-09 05:03:17] main.ERROR: SQL Error: Unable to connect to MySQL server! Error: Access denied for user 'slimtodo'@'localhost' (using password: YES) [] []
[2017-11-09 05:03:17] main.ERROR: SQL Error: Unable to connect to MySQL server! Error: Access denied for user 'slimtodo'@'localhost' (using password: YES) [] []
[2017-11-09 05:03:18] main.ERROR: SQL Error: Unable to connect to MySQL server! Error: Access denied for user 'slimtodo'@'localhost' (using password: YES) [] []
[2017-11-09 05:03:18] main.ERROR: SQL Error: Unable to connect to MySQL server! Error: Access denied for user 'slimtodo'@'localhost' (using password: YES) [] []
[2017-11-09 05:03:18] main.ERROR: SQL Error: Unable to connect to MySQL server! Error: Access denied for user 'slimtodo'@'localhost' (using password: YES) [] []
[2017-11-09 05:03:18] main.ERROR: SQL Error: Unable to connect to MySQL server! Error: Access denied for user 'slimtodo'@'localhost' (using password: YES) [] []
[2017-11-09 05:03:18] main.ERROR: SQL Error: Unable to connect to MySQL server! Error: Access denied for user 'slimtodo'@'localhost' (using password: YES) [] []
[2017-11-09 05:03:19] main.ERROR: SQL Error: Unable to connect to MySQL server! Error: Access denied for user 'slimtodo'@'localhost' (using password: YES) [] []
[2017-11-09 05:03:19] main.ERROR: SQL Error: Unable to connect to MySQL server! Error: Access denied for user 'slimtodo'@'localhost' (using password: YES) [] []
[2017-11-09 05:03:19] main.ERROR: SQL Error: Unable to connect to MySQL server! Error: Access denied for user 'slimtodo'@'localhost' (using password: YES) [] []
[2017-11-09 05:03:19] main.ERROR: SQL Error: Unable to connect to MySQL server! Error: Access denied for user 'slimtodo'@'localhost' (using password: YES) [] []
[2017-11-09 05:03:19] main.ERROR: SQL Error: Unable to connect to MySQL server! Error: Access denied for user 'slimtodo'@'localhost' (using password: YES) [] []
[2017-11-09 05:03:19] main.ERROR: SQL Error: Unable to connect to MySQL server! Error: Access denied for user 'slimtodo'@'localhost' (using password: YES) [] []
[2017-11-09 05:03:20] main.ERROR: SQL Error: Unable to connect to MySQL server! Error: Access denied for user 'slimtodo'@'localhost' (using password: YES) [] []
[2017-11-09 05:03:20] main.ERROR: SQL Error: Unable to connect to MySQL server! Error: Access denied for user 'slimtodo'@'localhost' (using password: YES) [] []
[2017-11-09 05:03:20] main.ERROR: SQL Error: Unable to connect to MySQL server! Error: Access denied for user 'slimtodo'@'localhost' (using password: YES) [] []
[2017-11-09 05:03:20] main.ERROR: SQL Error: Unable to connect to MySQL server! Error: Access denied for user 'slimtodo'@'localhost' (using password: YES) [] []
[2017-11-09 05:03:20] main.ERROR: SQL Error: Unable to connect to MySQL server! Error: Access denied for user 'slimtodo'@'localhost' (using password: YES) [] []
[2017-11-09 05:03:20] main.ERROR: SQL Error: Unable to connect to MySQL server! Error: Access denied for user 'slimtodo'@'localhost' (using password: YES) [] []
[2017-11-09 05:03:20] main.ERROR: SQL Error: Unable to connect to MySQL server! Error: Access denied for user 'slimtodo'@'localhost' (using password: YES) [] []
[2017-11-09 05:03:20] main.ERROR: SQL Error: Unable to connect to MySQL server! Error: Access denied for user 'slimtodo'@'localhost' (using password: YES) [] []
[2017-11-09 05:03:21] main.ERROR: SQL Error: Unable to connect to MySQL server! Error: Access denied for user 'slimtodo'@'localhost' (using password: YES) [] []
[2017-11-09 05:03:21] main.ERROR: SQL Error: Unable to connect to MySQL server! Error: Access denied for user 'slimtodo'@'localhost' (using password: YES) [] []
[2017-11-09 05:03:21] main.ERROR: SQL Error: Unable to connect to MySQL server! Error: Access denied for user 'slimtodo'@'localhost' (using password: YES) [] []
[2017-11-09 05:03:21] main.ERROR: SQL Error: Unable to connect to MySQL server! Error: Access denied for user 'slimtodo'@'localhost' (using password: YES) [] []
[2017-11-09 05:03:21] main.ERROR: SQL Error: Unable to connect to MySQL server! Error: Access denied for user 'slimtodo'@'localhost' (using password: YES) [] []
[2017-11-09 05:03:22] main.ERROR: SQL Error: Unable to connect to MySQL server! Error: Access denied for user 'slimtodo'@'localhost' (using password: YES) [] []
[2017-11-09 05:03:22] main.ERROR: SQL Error: Unable to connect to MySQL server! Error: Access denied for user 'slimtodo'@'localhost' (using password: YES) [] []
[2017-11-09 05:03:23] main.ERROR: SQL Error: Unable to connect to MySQL server! Error: Access denied for user 'slimtodo'@'localhost' (using password: YES) [] []
[2017-11-09 05:03:23] main.ERROR: SQL Error: Unable to connect to MySQL server! Error: Access denied for user 'slimtodo'@'localhost' (using password: YES) [] []
[2017-11-09 05:03:24] main.ERROR: SQL Error: Unable to connect to MySQL server! Error: Access denied for user 'slimtodo'@'localhost' (using password: YES) [] []
[2017-11-09 05:03:24] main.ERROR: SQL Error: Unable to connect to MySQL server! Error: Access denied for user 'slimtodo'@'localhost' (using password: YES) [] []
[2017-11-09 05:03:24] main.ERROR: SQL Error: Unable to connect to MySQL server! Error: Access denied for user 'slimtodo'@'localhost' (using password: YES) [] []
[2017-11-09 05:03:24] main.ERROR: SQL Error: Unable to connect to MySQL server! Error: Access denied for user 'slimtodo'@'localhost' (using password: YES) [] []
[2017-11-09 05:03:25] main.ERROR: SQL Error: Unable to connect to MySQL server! Error: Access denied for user 'slimtodo'@'localhost' (using password: YES) [] []
[2017-11-09 05:03:25] main.ERROR: SQL Error: Unable to connect to MySQL server! Error: Access denied for user 'slimtodo'@'localhost' (using password: YES) [] []
[2017-11-09 05:03:25] main.ERROR: SQL Error: Unable to connect to MySQL server! Error: Access denied for user 'slimtodo'@'localhost' (using password: YES) [] []
[2017-11-09 05:03:25] main.ERROR: SQL Error: Unable to connect to MySQL server! Error: Access denied for user 'slimtodo'@'localhost' (using password: YES) [] []
[2017-11-09 05:03:25] main.ERROR: SQL Error: Unable to connect to MySQL server! Error: Access denied for user 'slimtodo'@'localhost' (using password: YES) [] []
[2017-11-09 05:03:25] main.ERROR: SQL Error: Unable to connect to MySQL server! Error: Access denied for user 'slimtodo'@'localhost' (using password: YES) [] []
[2017-11-09 05:03:26] main.ERROR: SQL Error: Unable to connect to MySQL server! Error: Access denied for user 'slimtodo'@'localhost' (using password: YES) [] []
[2017-11-09 05:03:26] main.ERROR: SQL Error: Unable to connect to MySQL server! Error: Access denied for user 'slimtodo'@'localhost' (using password: YES) [] []
[2017-11-09 05:03:27] main.ERROR: SQL Error: Unable to connect to MySQL server! Error: Access denied for user 'slimtodo'@'localhost' (using password: YES) [] []
[2017-11-09 05:03:27] main.ERROR: SQL Error: Unable to connect to MySQL server! Error: Access denied for user 'slimtodo'@'localhost' (using password: YES) [] []
[2017-11-09 05:03:27] main.ERROR: SQL Error: Unable to connect to MySQL server! Error: Access denied for user 'slimtodo'@'localhost' (using password: YES) [] []
[2017-11-09 05:03:27] main.ERROR: SQL Error: Unable to connect to MySQL server! Error: Access denied for user 'slimtodo'@'localhost' (using password: YES) [] []
[2017-11-09 05:03:27] main.ERROR: SQL Error: Unable to connect to MySQL server! Error: Access denied for user 'slimtodo'@'localhost' (using password: YES) [] []
[2017-11-09 05:03:27] main.ERROR: SQL Error: Unable to connect to MySQL server! Error: Access denied for user 'slimtodo'@'localhost' (using password: YES) [] []
[2017-11-09 05:03:28] main.ERROR: SQL Error: Unable to connect to MySQL server! Error: Access denied for user 'slimtodo'@'localhost' (using password: YES) [] []
[2017-11-09 05:03:28] main.ERROR: SQL Error: Unable to connect to MySQL server! Error: Access denied for user 'slimtodo'@'localhost' (using password: YES) [] []
[2017-11-09 05:03:28] main.ERROR: SQL Error: Unable to connect to MySQL server! Error: Access denied for user 'slimtodo'@'localhost' (using password: YES) [] []
[2017-11-09 05:03:41] main.ERROR: SQL Error: Unable to connect to MySQL server! Error: Access denied for user 'slimtodo'@'localhost' (using password: YES) [] []
[2017-11-09 05:07:13] main.ERROR: SQL Error: You have an error in your SQL syntax; check the manual that corresponds to your MariaDB server version for the right syntax to use near '* FROM todos WHERE ownerId=5' at line 1 [] []
[2017-11-09 05:07:13] main.ERROR:  in query: SELECT ** FROM todos WHERE ownerId=5 [] []
[2017-11-09 05:09:12] main.ERROR: SQL Error: You have an error in your SQL syntax; check the manual that corresponds to your MariaDB server version for the right syntax to use near '* FROM todos WHERE ownerId=5' at line 1 [] []
[2017-11-09 05:09:12] main.ERROR:  in query: SELECT ** FROM todos WHERE ownerId=5 [] []
[2017-11-09 18:49:10] main.ERROR: SQL Error: Unknown column 'imagePath' in 'field list' [] []
[2017-11-09 18:49:11] main.ERROR:  in query: INSERT INTO `todos` (`firstName`,`lastName`,`email`,`gender`,`imagePath`) VALUES ('Jerry', 'Pro', 'jerry@jerry.com', 'male', '/uploads/jerry1.jpg') [] []
[2017-11-09 18:52:43] main.ERROR: SQL Error: Cannot add or update a child row: a foreign key constraint fails (`slimtodo`.`todos`, CONSTRAINT `todos_ibfk_1` FOREIGN KEY (`adminId`) REFERENCES `users` (`id`)) [] []
[2017-11-09 18:52:43] main.ERROR:  in query: INSERT INTO `todos` (`firstName`,`lastName`,`email`,`gender`,`imagePath`) VALUES ('Jerry', 'Pro', 'jerry@jerry.com', 'male', '/uploads/jerry1.jpg') [] []
[2017-11-09 22:49:46] main.ERROR: SQL Error: Unknown column 'adminId' in 'field list' [] []
[2017-11-09 22:49:46] main.ERROR:  in query: INSERT INTO `subjects` (`name`,`description`,`adminId`) VALUES ('java', 'programming course', '5') [] []
